<?xml version="1.0" encoding="UTF-8"?>
<testsuite name="com.example.ex5.Ex5ApplicationTests" tests="1" skipped="0" failures="0" errors="0" timestamp="2024-03-16T13:09:19" hostname="DKARTASHOV02" time="0.65">
  <properties/>
  <testcase name="contextLoads()" classname="com.example.ex5.Ex5ApplicationTests" time="0.65"/>
  <system-out><![CDATA[16:09:13.317 [Test worker] INFO org.springframework.test.context.support.AnnotationConfigContextLoaderUtils -- Could not detect default configuration classes for test class [com.example.ex5.Ex5ApplicationTests]: Ex5ApplicationTests does not declare any static, non-private, non-final, nested classes annotated with @Configuration.
16:09:13.455 [Test worker] INFO org.springframework.boot.test.context.SpringBootTestContextBootstrapper -- Found @SpringBootConfiguration com.example.ex5.Ex5Application for test class com.example.ex5.Ex5ApplicationTests

  .   ____          _            __ _ _
 /\\ / ___'_ __ _ _(_)_ __  __ _ \ \ \ \
( ( )\___ | '_ | '_| | '_ \/ _` | \ \ \ \
 \\/  ___)| |_)| | | | | || (_| |  ) ) ) )
  '  |____| .__|_| |_|_| |_\__, | / / / /
 =========|_|==============|___/=/_/_/_/
 :: Spring Boot ::                (v3.2.3)

2024-03-16T16:09:14.038+03:00  INFO 23620 --- [    Test worker] com.example.ex5.Ex5ApplicationTests      : Starting Ex5ApplicationTests using Java 17.0.9 with PID 23620 (started by DKartashov in C:\Users\DKartashov\IdeaProjects\ex-5-2)
2024-03-16T16:09:14.040+03:00  INFO 23620 --- [    Test worker] com.example.ex5.Ex5ApplicationTests      : No active profile set, falling back to 1 default profile: "default"
2024-03-16T16:09:14.916+03:00  INFO 23620 --- [    Test worker] .s.d.r.c.RepositoryConfigurationDelegate : Bootstrapping Spring Data JPA repositories in DEFAULT mode.
2024-03-16T16:09:15.016+03:00  INFO 23620 --- [    Test worker] .s.d.r.c.RepositoryConfigurationDelegate : Finished Spring Data repository scanning in 89 ms. Found 6 JPA repository interfaces.
2024-03-16T16:09:15.575+03:00  INFO 23620 --- [    Test worker] com.zaxxer.hikari.HikariDataSource       : HikariPool-1 - Starting...
2024-03-16T16:09:15.791+03:00  INFO 23620 --- [    Test worker] com.zaxxer.hikari.pool.HikariPool        : HikariPool-1 - Added connection org.postgresql.jdbc.PgConnection@528c8c1
2024-03-16T16:09:15.793+03:00  INFO 23620 --- [    Test worker] com.zaxxer.hikari.HikariDataSource       : HikariPool-1 - Start completed.
2024-03-16T16:09:15.858+03:00  INFO 23620 --- [    Test worker] o.hibernate.jpa.internal.util.LogHelper  : HHH000204: Processing PersistenceUnitInfo [name: default]
2024-03-16T16:09:15.982+03:00  INFO 23620 --- [    Test worker] org.hibernate.Version                    : HHH000412: Hibernate ORM core version 6.4.4.Final
2024-03-16T16:09:16.061+03:00  INFO 23620 --- [    Test worker] o.h.c.internal.RegionFactoryInitiator    : HHH000026: Second-level cache disabled
2024-03-16T16:09:16.512+03:00  INFO 23620 --- [    Test worker] o.s.o.j.p.SpringPersistenceUnitInfo      : No LoadTimeWeaver setup: ignoring JPA class transformer
2024-03-16T16:09:16.608+03:00  WARN 23620 --- [    Test worker] org.hibernate.orm.deprecation            : HHH90000025: PostgreSQLDialect does not need to be specified explicitly using 'hibernate.dialect' (remove the property setting and it will be selected by default)
2024-03-16T16:09:18.005+03:00  INFO 23620 --- [    Test worker] o.h.e.t.j.p.i.JtaPlatformInitiator       : HHH000489: No JTA platform available (set 'hibernate.transaction.jta.platform' to enable JTA platform integration)
2024-03-16T16:09:18.009+03:00  INFO 23620 --- [    Test worker] j.LocalContainerEntityManagerFactoryBean : Initialized JPA EntityManagerFactory for persistence unit 'default'
2024-03-16T16:09:18.171+03:00  WARN 23620 --- [    Test worker] JpaBaseConfiguration$JpaWebConfiguration : spring.jpa.open-in-view is enabled by default. Therefore, database queries may be performed during view rendering. Explicitly configure spring.jpa.open-in-view to disable this warning
2024-03-16T16:09:19.195+03:00  INFO 23620 --- [    Test worker] com.example.ex5.Ex5ApplicationTests      : Started Ex5ApplicationTests in 5.478 seconds (process running for 7.16)
]]></system-out>
  <system-err><![CDATA[]]></system-err>
</testsuite>
